mode: atomic
github.com/chiutuanbinh/mylifeos/backend/internal/transport/http/accounting_accounts.go:16.77,18.2 1 6
github.com/chiutuanbinh/mylifeos/backend/internal/transport/http/accounting_accounts.go:20.72,23.16 3 2
github.com/chiutuanbinh/mylifeos/backend/internal/transport/http/accounting_accounts.go:23.16,26.3 2 0
github.com/chiutuanbinh/mylifeos/backend/internal/transport/http/accounting_accounts.go:27.2,37.29 3 2
github.com/chiutuanbinh/mylifeos/backend/internal/transport/http/accounting_accounts.go:37.29,39.26 2 1
github.com/chiutuanbinh/mylifeos/backend/internal/transport/http/accounting_accounts.go:39.26,41.4 1 0
github.com/chiutuanbinh/mylifeos/backend/internal/transport/http/accounting_accounts.go:42.3,50.4 1 1
github.com/chiutuanbinh/mylifeos/backend/internal/transport/http/accounting_accounts.go:52.2,53.33 2 2
github.com/chiutuanbinh/mylifeos/backend/internal/transport/http/accounting_accounts.go:56.74,66.61 3 5
github.com/chiutuanbinh/mylifeos/backend/internal/transport/http/accounting_accounts.go:66.61,69.3 2 1
github.com/chiutuanbinh/mylifeos/backend/internal/transport/http/accounting_accounts.go:70.2,70.38 1 4
github.com/chiutuanbinh/mylifeos/backend/internal/transport/http/accounting_accounts.go:70.38,73.3 2 2
github.com/chiutuanbinh/mylifeos/backend/internal/transport/http/accounting_accounts.go:74.2,74.24 1 2
github.com/chiutuanbinh/mylifeos/backend/internal/transport/http/accounting_accounts.go:74.24,76.3 1 0
github.com/chiutuanbinh/mylifeos/backend/internal/transport/http/accounting_accounts.go:77.2,87.16 3 2
github.com/chiutuanbinh/mylifeos/backend/internal/transport/http/accounting_accounts.go:87.16,90.3 2 0
github.com/chiutuanbinh/mylifeos/backend/internal/transport/http/accounting_accounts.go:91.2,93.64 3 2
github.com/chiutuanbinh/mylifeos/backend/internal/transport/http/accounting_journal.go:19.118,21.2 1 5
github.com/chiutuanbinh/mylifeos/backend/internal/transport/http/accounting_journal.go:23.84,36.61 3 4
github.com/chiutuanbinh/mylifeos/backend/internal/transport/http/accounting_journal.go:36.61,39.3 2 1
github.com/chiutuanbinh/mylifeos/backend/internal/transport/http/accounting_journal.go:40.2,41.16 2 3
github.com/chiutuanbinh/mylifeos/backend/internal/transport/http/accounting_journal.go:41.16,44.3 2 1
github.com/chiutuanbinh/mylifeos/backend/internal/transport/http/accounting_journal.go:45.2,46.30 2 2
github.com/chiutuanbinh/mylifeos/backend/internal/transport/http/accounting_journal.go:46.30,48.16 2 4
github.com/chiutuanbinh/mylifeos/backend/internal/transport/http/accounting_journal.go:48.16,50.4 1 4
github.com/chiutuanbinh/mylifeos/backend/internal/transport/http/accounting_journal.go:51.3,56.4 1 4
github.com/chiutuanbinh/mylifeos/backend/internal/transport/http/accounting_journal.go:58.2,66.16 3 2
github.com/chiutuanbinh/mylifeos/backend/internal/transport/http/accounting_journal.go:66.16,69.3 2 1
github.com/chiutuanbinh/mylifeos/backend/internal/transport/http/accounting_journal.go:70.2,72.64 3 1
github.com/chiutuanbinh/mylifeos/backend/internal/transport/http/accounting_journal.go:75.75,78.16 3 1
github.com/chiutuanbinh/mylifeos/backend/internal/transport/http/accounting_journal.go:78.16,81.3 2 0
github.com/chiutuanbinh/mylifeos/backend/internal/transport/http/accounting_journal.go:82.2,86.4 2 1
github.com/chiutuanbinh/mylifeos/backend/internal/transport/http/assets.go:15.60,15.87 1 11
github.com/chiutuanbinh/mylifeos/backend/internal/transport/http/assets.go:17.69,20.16 3 2
github.com/chiutuanbinh/mylifeos/backend/internal/transport/http/assets.go:20.16,23.3 2 1
github.com/chiutuanbinh/mylifeos/backend/internal/transport/http/assets.go:24.2,25.35 2 1
github.com/chiutuanbinh/mylifeos/backend/internal/transport/http/assets.go:28.43,29.18 1 6
github.com/chiutuanbinh/mylifeos/backend/internal/transport/http/assets.go:29.18,31.3 1 1
github.com/chiutuanbinh/mylifeos/backend/internal/transport/http/assets.go:32.2,32.22 1 5
github.com/chiutuanbinh/mylifeos/backend/internal/transport/http/assets.go:32.22,34.3 1 0
github.com/chiutuanbinh/mylifeos/backend/internal/transport/http/assets.go:35.2,35.52 1 5
github.com/chiutuanbinh/mylifeos/backend/internal/transport/http/assets.go:35.52,37.3 1 0
github.com/chiutuanbinh/mylifeos/backend/internal/transport/http/assets.go:38.2,38.54 1 5
github.com/chiutuanbinh/mylifeos/backend/internal/transport/http/assets.go:38.54,40.3 1 1
github.com/chiutuanbinh/mylifeos/backend/internal/transport/http/assets.go:41.2,41.11 1 4
github.com/chiutuanbinh/mylifeos/backend/internal/transport/http/assets.go:44.71,47.59 3 5
github.com/chiutuanbinh/mylifeos/backend/internal/transport/http/assets.go:47.59,50.3 2 1
github.com/chiutuanbinh/mylifeos/backend/internal/transport/http/assets.go:51.2,51.40 1 4
github.com/chiutuanbinh/mylifeos/backend/internal/transport/http/assets.go:51.40,54.3 2 2
github.com/chiutuanbinh/mylifeos/backend/internal/transport/http/assets.go:55.2,57.16 3 2
github.com/chiutuanbinh/mylifeos/backend/internal/transport/http/assets.go:57.16,60.3 2 1
github.com/chiutuanbinh/mylifeos/backend/internal/transport/http/assets.go:61.2,63.32 3 1
github.com/chiutuanbinh/mylifeos/backend/internal/transport/http/assets.go:66.71,69.59 3 2
github.com/chiutuanbinh/mylifeos/backend/internal/transport/http/assets.go:69.59,72.3 2 0
github.com/chiutuanbinh/mylifeos/backend/internal/transport/http/assets.go:73.2,73.40 1 2
github.com/chiutuanbinh/mylifeos/backend/internal/transport/http/assets.go:73.40,76.3 2 0
github.com/chiutuanbinh/mylifeos/backend/internal/transport/http/assets.go:77.2,80.16 4 2
github.com/chiutuanbinh/mylifeos/backend/internal/transport/http/assets.go:80.16,83.3 2 1
github.com/chiutuanbinh/mylifeos/backend/internal/transport/http/assets.go:84.2,85.32 2 1
github.com/chiutuanbinh/mylifeos/backend/internal/transport/http/assets.go:88.71,90.79 2 2
github.com/chiutuanbinh/mylifeos/backend/internal/transport/http/assets.go:90.79,93.3 2 1
github.com/chiutuanbinh/mylifeos/backend/internal/transport/http/assets.go:94.2,94.20 1 1
github.com/chiutuanbinh/mylifeos/backend/internal/transport/http/dashboard.go:14.71,16.2 1 2
github.com/chiutuanbinh/mylifeos/backend/internal/transport/http/dashboard.go:18.76,22.16 4 2
github.com/chiutuanbinh/mylifeos/backend/internal/transport/http/dashboard.go:22.16,26.3 3 1
github.com/chiutuanbinh/mylifeos/backend/internal/transport/http/dashboard.go:27.2,28.36 2 1
github.com/chiutuanbinh/mylifeos/backend/internal/transport/http/events.go:16.60,16.87 1 9
github.com/chiutuanbinh/mylifeos/backend/internal/transport/http/events.go:18.69,22.16 4 2
github.com/chiutuanbinh/mylifeos/backend/internal/transport/http/events.go:22.16,26.3 3 1
github.com/chiutuanbinh/mylifeos/backend/internal/transport/http/events.go:27.2,28.35 2 1
github.com/chiutuanbinh/mylifeos/backend/internal/transport/http/events.go:31.71,34.59 3 2
github.com/chiutuanbinh/mylifeos/backend/internal/transport/http/events.go:34.59,37.3 2 0
github.com/chiutuanbinh/mylifeos/backend/internal/transport/http/events.go:38.2,39.19 2 2
github.com/chiutuanbinh/mylifeos/backend/internal/transport/http/events.go:39.19,41.3 1 1
github.com/chiutuanbinh/mylifeos/backend/internal/transport/http/events.go:42.2,43.16 2 2
github.com/chiutuanbinh/mylifeos/backend/internal/transport/http/events.go:43.16,47.3 3 1
github.com/chiutuanbinh/mylifeos/backend/internal/transport/http/events.go:48.2,50.32 3 1
github.com/chiutuanbinh/mylifeos/backend/internal/transport/http/events.go:53.71,56.59 3 3
github.com/chiutuanbinh/mylifeos/backend/internal/transport/http/events.go:56.59,59.3 2 1
github.com/chiutuanbinh/mylifeos/backend/internal/transport/http/events.go:60.2,63.16 4 2
github.com/chiutuanbinh/mylifeos/backend/internal/transport/http/events.go:63.16,67.3 3 1
github.com/chiutuanbinh/mylifeos/backend/internal/transport/http/events.go:68.2,69.32 2 1
github.com/chiutuanbinh/mylifeos/backend/internal/transport/http/events.go:72.71,74.79 2 2
github.com/chiutuanbinh/mylifeos/backend/internal/transport/http/events.go:74.79,78.3 3 1
github.com/chiutuanbinh/mylifeos/backend/internal/transport/http/events.go:79.2,79.20 1 1
github.com/chiutuanbinh/mylifeos/backend/internal/transport/http/goals.go:16.57,16.83 1 17
github.com/chiutuanbinh/mylifeos/backend/internal/transport/http/goals.go:18.68,21.16 3 2
github.com/chiutuanbinh/mylifeos/backend/internal/transport/http/goals.go:21.16,25.3 3 1
github.com/chiutuanbinh/mylifeos/backend/internal/transport/http/goals.go:26.2,27.31 2 1
github.com/chiutuanbinh/mylifeos/backend/internal/transport/http/goals.go:30.70,33.59 3 4
github.com/chiutuanbinh/mylifeos/backend/internal/transport/http/goals.go:33.59,36.3 2 1
github.com/chiutuanbinh/mylifeos/backend/internal/transport/http/goals.go:37.2,37.18 1 3
github.com/chiutuanbinh/mylifeos/backend/internal/transport/http/goals.go:37.18,40.3 2 0
github.com/chiutuanbinh/mylifeos/backend/internal/transport/http/goals.go:41.2,41.23 1 3
github.com/chiutuanbinh/mylifeos/backend/internal/transport/http/goals.go:41.23,44.3 2 0
github.com/chiutuanbinh/mylifeos/backend/internal/transport/http/goals.go:45.2,46.19 2 3
github.com/chiutuanbinh/mylifeos/backend/internal/transport/http/goals.go:46.19,48.3 1 2
github.com/chiutuanbinh/mylifeos/backend/internal/transport/http/goals.go:49.2,50.16 2 3
github.com/chiutuanbinh/mylifeos/backend/internal/transport/http/goals.go:50.16,54.3 3 1
github.com/chiutuanbinh/mylifeos/backend/internal/transport/http/goals.go:55.2,57.32 3 2
github.com/chiutuanbinh/mylifeos/backend/internal/transport/http/goals.go:60.70,63.59 3 3
github.com/chiutuanbinh/mylifeos/backend/internal/transport/http/goals.go:63.59,66.3 2 1
github.com/chiutuanbinh/mylifeos/backend/internal/transport/http/goals.go:67.2,67.18 1 2
github.com/chiutuanbinh/mylifeos/backend/internal/transport/http/goals.go:67.18,70.3 2 0
github.com/chiutuanbinh/mylifeos/backend/internal/transport/http/goals.go:71.2,71.23 1 2
github.com/chiutuanbinh/mylifeos/backend/internal/transport/http/goals.go:71.23,74.3 2 0
github.com/chiutuanbinh/mylifeos/backend/internal/transport/http/goals.go:75.2,78.16 4 2
github.com/chiutuanbinh/mylifeos/backend/internal/transport/http/goals.go:78.16,82.3 3 1
github.com/chiutuanbinh/mylifeos/backend/internal/transport/http/goals.go:83.2,84.32 2 1
github.com/chiutuanbinh/mylifeos/backend/internal/transport/http/goals.go:87.70,89.79 2 2
github.com/chiutuanbinh/mylifeos/backend/internal/transport/http/goals.go:89.79,93.3 3 1
github.com/chiutuanbinh/mylifeos/backend/internal/transport/http/goals.go:94.2,94.20 1 1
github.com/chiutuanbinh/mylifeos/backend/internal/transport/http/goals.go:97.76,105.88 4 3
github.com/chiutuanbinh/mylifeos/backend/internal/transport/http/goals.go:105.88,108.3 2 1
github.com/chiutuanbinh/mylifeos/backend/internal/transport/http/goals.go:109.2,116.16 2 2
github.com/chiutuanbinh/mylifeos/backend/internal/transport/http/goals.go:116.16,120.3 3 1
github.com/chiutuanbinh/mylifeos/backend/internal/transport/http/goals.go:121.2,123.31 3 1
github.com/chiutuanbinh/mylifeos/backend/internal/transport/http/goals.go:126.79,134.62 3 3
github.com/chiutuanbinh/mylifeos/backend/internal/transport/http/goals.go:134.62,137.3 2 1
github.com/chiutuanbinh/mylifeos/backend/internal/transport/http/goals.go:138.2,146.16 2 2
github.com/chiutuanbinh/mylifeos/backend/internal/transport/http/goals.go:146.16,150.3 3 1
github.com/chiutuanbinh/mylifeos/backend/internal/transport/http/goals.go:151.2,152.31 2 1
github.com/chiutuanbinh/mylifeos/backend/internal/transport/http/goals.go:155.79,157.91 2 0
github.com/chiutuanbinh/mylifeos/backend/internal/transport/http/goals.go:157.91,161.3 3 0
github.com/chiutuanbinh/mylifeos/backend/internal/transport/http/goals.go:162.2,162.20 1 0
github.com/chiutuanbinh/mylifeos/backend/internal/transport/http/google_calendar.go:18.78,20.2 1 2
github.com/chiutuanbinh/mylifeos/backend/internal/transport/http/google_calendar.go:55.78,59.88 3 2
github.com/chiutuanbinh/mylifeos/backend/internal/transport/http/google_calendar.go:59.88,62.3 2 1
github.com/chiutuanbinh/mylifeos/backend/internal/transport/http/google_calendar.go:65.2,68.19 4 1
github.com/chiutuanbinh/mylifeos/backend/internal/transport/http/google_calendar.go:68.19,70.3 1 0
github.com/chiutuanbinh/mylifeos/backend/internal/transport/http/google_calendar.go:71.2,71.19 1 1
github.com/chiutuanbinh/mylifeos/backend/internal/transport/http/google_calendar.go:71.19,73.3 1 0
github.com/chiutuanbinh/mylifeos/backend/internal/transport/http/google_calendar.go:75.2,76.16 2 1
github.com/chiutuanbinh/mylifeos/backend/internal/transport/http/google_calendar.go:76.16,79.3 2 0
github.com/chiutuanbinh/mylifeos/backend/internal/transport/http/google_calendar.go:81.2,82.32 2 1
github.com/chiutuanbinh/mylifeos/backend/internal/transport/http/google_calendar.go:82.32,83.31 1 1
github.com/chiutuanbinh/mylifeos/backend/internal/transport/http/google_calendar.go:83.31,84.12 1 0
github.com/chiutuanbinh/mylifeos/backend/internal/transport/http/google_calendar.go:86.3,87.33 2 1
github.com/chiutuanbinh/mylifeos/backend/internal/transport/http/google_calendar.go:90.2,91.16 2 1
github.com/chiutuanbinh/mylifeos/backend/internal/transport/http/google_calendar.go:91.16,94.3 2 0
github.com/chiutuanbinh/mylifeos/backend/internal/transport/http/google_calendar.go:96.2,96.52 1 1
github.com/chiutuanbinh/mylifeos/backend/internal/transport/http/google_calendar.go:99.75,113.16 6 1
github.com/chiutuanbinh/mylifeos/backend/internal/transport/http/google_calendar.go:113.16,115.3 1 0
github.com/chiutuanbinh/mylifeos/backend/internal/transport/http/google_calendar.go:116.2,119.28 3 1
github.com/chiutuanbinh/mylifeos/backend/internal/transport/http/google_calendar.go:119.28,121.3 1 0
github.com/chiutuanbinh/mylifeos/backend/internal/transport/http/google_calendar.go:123.2,124.54 2 1
github.com/chiutuanbinh/mylifeos/backend/internal/transport/http/google_calendar.go:124.54,126.3 1 0
github.com/chiutuanbinh/mylifeos/backend/internal/transport/http/google_calendar.go:127.2,127.26 1 1
github.com/chiutuanbinh/mylifeos/backend/internal/transport/http/google_calendar.go:130.48,134.12 4 4
github.com/chiutuanbinh/mylifeos/backend/internal/transport/http/google_calendar.go:134.12,138.3 2 2
github.com/chiutuanbinh/mylifeos/backend/internal/transport/http/google_calendar.go:139.2,140.17 2 4
github.com/chiutuanbinh/mylifeos/backend/internal/transport/http/google_calendar.go:140.17,142.3 1 1
github.com/chiutuanbinh/mylifeos/backend/internal/transport/http/google_calendar.go:143.2,151.3 2 4
github.com/chiutuanbinh/mylifeos/backend/internal/transport/http/google_calendar.go:154.58,158.2 3 3
github.com/chiutuanbinh/mylifeos/backend/internal/transport/http/kr_logs.go:14.60,14.87 1 4
github.com/chiutuanbinh/mylifeos/backend/internal/transport/http/kr_logs.go:16.72,20.16 4 1
github.com/chiutuanbinh/mylifeos/backend/internal/transport/http/kr_logs.go:20.16,23.3 2 0
github.com/chiutuanbinh/mylifeos/backend/internal/transport/http/kr_logs.go:24.2,25.33 2 1
github.com/chiutuanbinh/mylifeos/backend/internal/transport/http/kr_logs.go:28.76,32.28 4 2
github.com/chiutuanbinh/mylifeos/backend/internal/transport/http/kr_logs.go:32.28,35.3 2 1
github.com/chiutuanbinh/mylifeos/backend/internal/transport/http/kr_logs.go:36.2,37.16 2 1
github.com/chiutuanbinh/mylifeos/backend/internal/transport/http/kr_logs.go:37.16,40.3 2 0
github.com/chiutuanbinh/mylifeos/backend/internal/transport/http/kr_logs.go:41.2,42.33 2 1
github.com/chiutuanbinh/mylifeos/backend/internal/transport/http/kr_logs.go:45.74,52.16 5 1
github.com/chiutuanbinh/mylifeos/backend/internal/transport/http/kr_logs.go:52.16,55.3 2 0
github.com/chiutuanbinh/mylifeos/backend/internal/transport/http/kr_logs.go:56.2,57.37 2 1
github.com/chiutuanbinh/mylifeos/backend/internal/transport/http/liabilities.go:15.72,15.103 1 15
github.com/chiutuanbinh/mylifeos/backend/internal/transport/http/liabilities.go:17.51,18.18 1 9
github.com/chiutuanbinh/mylifeos/backend/internal/transport/http/liabilities.go:18.18,20.3 1 2
github.com/chiutuanbinh/mylifeos/backend/internal/transport/http/liabilities.go:21.2,21.22 1 7
github.com/chiutuanbinh/mylifeos/backend/internal/transport/http/liabilities.go:21.22,23.3 1 1
github.com/chiutuanbinh/mylifeos/backend/internal/transport/http/liabilities.go:24.2,24.19 1 6
github.com/chiutuanbinh/mylifeos/backend/internal/transport/http/liabilities.go:24.19,26.3 1 1
github.com/chiutuanbinh/mylifeos/backend/internal/transport/http/liabilities.go:27.2,27.75 1 5
github.com/chiutuanbinh/mylifeos/backend/internal/transport/http/liabilities.go:27.75,29.3 1 1
github.com/chiutuanbinh/mylifeos/backend/internal/transport/http/liabilities.go:30.2,30.11 1 4
github.com/chiutuanbinh/mylifeos/backend/internal/transport/http/liabilities.go:33.73,36.16 3 2
github.com/chiutuanbinh/mylifeos/backend/internal/transport/http/liabilities.go:36.16,39.3 2 1
github.com/chiutuanbinh/mylifeos/backend/internal/transport/http/liabilities.go:40.2,41.34 2 1
github.com/chiutuanbinh/mylifeos/backend/internal/transport/http/liabilities.go:44.75,47.59 3 7
github.com/chiutuanbinh/mylifeos/backend/internal/transport/http/liabilities.go:47.59,50.3 2 1
github.com/chiutuanbinh/mylifeos/backend/internal/transport/http/liabilities.go:51.2,51.44 1 6
github.com/chiutuanbinh/mylifeos/backend/internal/transport/http/liabilities.go:51.44,54.3 2 4
github.com/chiutuanbinh/mylifeos/backend/internal/transport/http/liabilities.go:55.2,57.16 3 2
github.com/chiutuanbinh/mylifeos/backend/internal/transport/http/liabilities.go:57.16,60.3 2 1
github.com/chiutuanbinh/mylifeos/backend/internal/transport/http/liabilities.go:61.2,63.32 3 1
github.com/chiutuanbinh/mylifeos/backend/internal/transport/http/liabilities.go:66.75,69.59 3 4
github.com/chiutuanbinh/mylifeos/backend/internal/transport/http/liabilities.go:69.59,72.3 2 1
github.com/chiutuanbinh/mylifeos/backend/internal/transport/http/liabilities.go:73.2,73.44 1 3
github.com/chiutuanbinh/mylifeos/backend/internal/transport/http/liabilities.go:73.44,76.3 2 1
github.com/chiutuanbinh/mylifeos/backend/internal/transport/http/liabilities.go:77.2,80.16 4 2
github.com/chiutuanbinh/mylifeos/backend/internal/transport/http/liabilities.go:80.16,83.3 2 1
github.com/chiutuanbinh/mylifeos/backend/internal/transport/http/liabilities.go:84.2,85.32 2 1
github.com/chiutuanbinh/mylifeos/backend/internal/transport/http/liabilities.go:88.75,90.79 2 2
github.com/chiutuanbinh/mylifeos/backend/internal/transport/http/liabilities.go:90.79,93.3 2 1
github.com/chiutuanbinh/mylifeos/backend/internal/transport/http/liabilities.go:94.2,94.20 1 1
github.com/chiutuanbinh/mylifeos/backend/internal/transport/http/notes.go:15.57,15.83 1 12
github.com/chiutuanbinh/mylifeos/backend/internal/transport/http/notes.go:17.68,21.39 4 4
github.com/chiutuanbinh/mylifeos/backend/internal/transport/http/notes.go:21.39,24.3 2 1
github.com/chiutuanbinh/mylifeos/backend/internal/transport/http/notes.go:24.8,24.25 1 3
github.com/chiutuanbinh/mylifeos/backend/internal/transport/http/notes.go:24.25,27.3 2 1
github.com/chiutuanbinh/mylifeos/backend/internal/transport/http/notes.go:28.2,29.16 2 4
github.com/chiutuanbinh/mylifeos/backend/internal/transport/http/notes.go:29.16,32.3 2 1
github.com/chiutuanbinh/mylifeos/backend/internal/transport/http/notes.go:33.2,34.38 2 3
github.com/chiutuanbinh/mylifeos/backend/internal/transport/http/notes.go:37.70,40.59 3 3
github.com/chiutuanbinh/mylifeos/backend/internal/transport/http/notes.go:40.59,43.3 2 1
github.com/chiutuanbinh/mylifeos/backend/internal/transport/http/notes.go:44.2,46.16 3 2
github.com/chiutuanbinh/mylifeos/backend/internal/transport/http/notes.go:46.16,49.3 2 1
github.com/chiutuanbinh/mylifeos/backend/internal/transport/http/notes.go:50.2,52.32 3 1
github.com/chiutuanbinh/mylifeos/backend/internal/transport/http/notes.go:55.70,60.16 4 3
github.com/chiutuanbinh/mylifeos/backend/internal/transport/http/notes.go:60.16,63.3 2 0
github.com/chiutuanbinh/mylifeos/backend/internal/transport/http/notes.go:65.2,66.63 2 3
github.com/chiutuanbinh/mylifeos/backend/internal/transport/http/notes.go:66.63,69.3 2 1
github.com/chiutuanbinh/mylifeos/backend/internal/transport/http/notes.go:71.2,72.33 2 2
github.com/chiutuanbinh/mylifeos/backend/internal/transport/http/notes.go:72.33,74.3 1 2
github.com/chiutuanbinh/mylifeos/backend/internal/transport/http/notes.go:75.2,75.35 1 2
github.com/chiutuanbinh/mylifeos/backend/internal/transport/http/notes.go:75.35,77.3 1 1
github.com/chiutuanbinh/mylifeos/backend/internal/transport/http/notes.go:78.2,78.32 1 2
github.com/chiutuanbinh/mylifeos/backend/internal/transport/http/notes.go:78.32,80.3 1 0
github.com/chiutuanbinh/mylifeos/backend/internal/transport/http/notes.go:81.2,81.34 1 2
github.com/chiutuanbinh/mylifeos/backend/internal/transport/http/notes.go:81.34,83.3 1 0
github.com/chiutuanbinh/mylifeos/backend/internal/transport/http/notes.go:85.2,86.16 2 2
github.com/chiutuanbinh/mylifeos/backend/internal/transport/http/notes.go:86.16,89.3 2 1
github.com/chiutuanbinh/mylifeos/backend/internal/transport/http/notes.go:90.2,91.32 2 1
github.com/chiutuanbinh/mylifeos/backend/internal/transport/http/notes.go:94.70,96.79 2 2
github.com/chiutuanbinh/mylifeos/backend/internal/transport/http/notes.go:96.79,99.3 2 1
github.com/chiutuanbinh/mylifeos/backend/internal/transport/http/notes.go:100.2,100.20 1 1
github.com/chiutuanbinh/mylifeos/backend/internal/transport/http/settings.go:14.69,14.99 1 5
github.com/chiutuanbinh/mylifeos/backend/internal/transport/http/settings.go:16.71,19.16 3 2
github.com/chiutuanbinh/mylifeos/backend/internal/transport/http/settings.go:19.16,22.3 2 1
github.com/chiutuanbinh/mylifeos/backend/internal/transport/http/settings.go:23.2,24.30 2 1
github.com/chiutuanbinh/mylifeos/backend/internal/transport/http/settings.go:27.74,30.59 3 3
github.com/chiutuanbinh/mylifeos/backend/internal/transport/http/settings.go:30.59,33.3 2 1
github.com/chiutuanbinh/mylifeos/backend/internal/transport/http/settings.go:34.2,36.16 3 2
github.com/chiutuanbinh/mylifeos/backend/internal/transport/http/settings.go:36.16,39.3 2 1
github.com/chiutuanbinh/mylifeos/backend/internal/transport/http/settings.go:40.2,41.32 2 1
github.com/chiutuanbinh/mylifeos/backend/internal/transport/http/transactions.go:17.78,19.2 1 12
github.com/chiutuanbinh/mylifeos/backend/internal/transport/http/transactions.go:21.75,27.16 6 2
github.com/chiutuanbinh/mylifeos/backend/internal/transport/http/transactions.go:27.16,30.3 2 1
github.com/chiutuanbinh/mylifeos/backend/internal/transport/http/transactions.go:31.2,32.32 2 1
github.com/chiutuanbinh/mylifeos/backend/internal/transport/http/transactions.go:35.77,38.59 3 3
github.com/chiutuanbinh/mylifeos/backend/internal/transport/http/transactions.go:38.59,41.3 2 2
github.com/chiutuanbinh/mylifeos/backend/internal/transport/http/transactions.go:42.2,44.16 3 1
github.com/chiutuanbinh/mylifeos/backend/internal/transport/http/transactions.go:44.16,48.3 3 0
github.com/chiutuanbinh/mylifeos/backend/internal/transport/http/transactions.go:49.2,51.32 3 1
github.com/chiutuanbinh/mylifeos/backend/internal/transport/http/transactions.go:54.77,57.60 3 2
github.com/chiutuanbinh/mylifeos/backend/internal/transport/http/transactions.go:57.60,60.3 2 1
github.com/chiutuanbinh/mylifeos/backend/internal/transport/http/transactions.go:61.2,61.37 1 1
github.com/chiutuanbinh/mylifeos/backend/internal/transport/http/transactions.go:64.82,67.16 3 2
github.com/chiutuanbinh/mylifeos/backend/internal/transport/http/transactions.go:67.16,70.3 2 1
github.com/chiutuanbinh/mylifeos/backend/internal/transport/http/transactions.go:71.2,72.31 2 1
github.com/chiutuanbinh/mylifeos/backend/internal/transport/http/transactions.go:75.83,79.59 4 3
github.com/chiutuanbinh/mylifeos/backend/internal/transport/http/transactions.go:79.59,82.3 2 1
github.com/chiutuanbinh/mylifeos/backend/internal/transport/http/transactions.go:83.2,86.16 4 2
github.com/chiutuanbinh/mylifeos/backend/internal/transport/http/transactions.go:86.16,89.3 2 1
github.com/chiutuanbinh/mylifeos/backend/internal/transport/http/transactions.go:90.2,91.32 2 1
github.com/chiutuanbinh/mylifeos/backend/internal/transport/http/trends.go:23.116,25.2 1 10
github.com/chiutuanbinh/mylifeos/backend/internal/transport/http/trends.go:27.79,30.16 3 2
github.com/chiutuanbinh/mylifeos/backend/internal/transport/http/trends.go:30.16,33.3 2 1
github.com/chiutuanbinh/mylifeos/backend/internal/transport/http/trends.go:34.2,35.34 2 1
github.com/chiutuanbinh/mylifeos/backend/internal/transport/http/trends.go:38.77,45.81 3 3
github.com/chiutuanbinh/mylifeos/backend/internal/transport/http/trends.go:45.81,48.3 2 1
github.com/chiutuanbinh/mylifeos/backend/internal/transport/http/trends.go:49.2,55.16 2 2
github.com/chiutuanbinh/mylifeos/backend/internal/transport/http/trends.go:55.16,58.3 2 1
github.com/chiutuanbinh/mylifeos/backend/internal/transport/http/trends.go:59.2,61.33 3 1
github.com/chiutuanbinh/mylifeos/backend/internal/transport/http/trends.go:64.80,69.16 5 2
github.com/chiutuanbinh/mylifeos/backend/internal/transport/http/trends.go:69.16,71.3 1 1
github.com/chiutuanbinh/mylifeos/backend/internal/transport/http/trends.go:72.2,72.14 1 2
github.com/chiutuanbinh/mylifeos/backend/internal/transport/http/trends.go:72.14,74.3 1 1
github.com/chiutuanbinh/mylifeos/backend/internal/transport/http/trends.go:75.2,76.53 2 2
github.com/chiutuanbinh/mylifeos/backend/internal/transport/http/trends.go:76.53,77.14 1 2
github.com/chiutuanbinh/mylifeos/backend/internal/transport/http/trends.go:77.14,79.4 1 1
github.com/chiutuanbinh/mylifeos/backend/internal/transport/http/trends.go:81.2,82.16 2 2
github.com/chiutuanbinh/mylifeos/backend/internal/transport/http/trends.go:82.16,85.3 2 1
github.com/chiutuanbinh/mylifeos/backend/internal/transport/http/trends.go:86.2,87.33 2 1
github.com/chiutuanbinh/mylifeos/backend/internal/transport/http/trends.go:90.79,92.16 2 2
github.com/chiutuanbinh/mylifeos/backend/internal/transport/http/trends.go:92.16,95.3 2 1
github.com/chiutuanbinh/mylifeos/backend/internal/transport/http/trends.go:96.2,97.34 2 1
github.com/chiutuanbinh/mylifeos/backend/internal/transport/http/trends.go:100.74,102.16 2 1
github.com/chiutuanbinh/mylifeos/backend/internal/transport/http/trends.go:102.16,105.3 2 1
github.com/chiutuanbinh/mylifeos/backend/internal/transport/http/trends.go:106.2,107.33 2 0
github.com/chiutuanbinh/mylifeos/backend/internal/transport/http/trends.go:112.79,116.2 3 0
github.com/chiutuanbinh/mylifeos/backend/internal/middleware/auth.go:25.21,29.2 3 7
github.com/chiutuanbinh/mylifeos/backend/internal/middleware/auth.go:32.33,36.2 3 2
github.com/chiutuanbinh/mylifeos/backend/internal/middleware/auth.go:38.40,41.24 3 5
github.com/chiutuanbinh/mylifeos/backend/internal/middleware/auth.go:41.24,43.3 1 3
github.com/chiutuanbinh/mylifeos/backend/internal/middleware/auth.go:44.2,48.16 5 2
github.com/chiutuanbinh/mylifeos/backend/internal/middleware/auth.go:48.16,51.3 2 0
github.com/chiutuanbinh/mylifeos/backend/internal/middleware/auth.go:52.2,54.25 3 2
github.com/chiutuanbinh/mylifeos/backend/internal/middleware/auth.go:57.43,58.71 1 7
github.com/chiutuanbinh/mylifeos/backend/internal/middleware/auth.go:58.71,59.40 1 8
github.com/chiutuanbinh/mylifeos/backend/internal/middleware/auth.go:59.40,61.17 2 2
github.com/chiutuanbinh/mylifeos/backend/internal/middleware/auth.go:61.17,63.5 1 1
github.com/chiutuanbinh/mylifeos/backend/internal/middleware/auth.go:64.4,66.10 3 2
github.com/chiutuanbinh/mylifeos/backend/internal/middleware/auth.go:69.3,70.44 2 6
github.com/chiutuanbinh/mylifeos/backend/internal/middleware/auth.go:70.44,73.4 2 1
github.com/chiutuanbinh/mylifeos/backend/internal/middleware/auth.go:74.3,77.17 3 5
github.com/chiutuanbinh/mylifeos/backend/internal/middleware/auth.go:77.17,81.4 3 0
github.com/chiutuanbinh/mylifeos/backend/internal/middleware/auth.go:83.3,84.33 2 5
github.com/chiutuanbinh/mylifeos/backend/internal/middleware/auth.go:84.33,88.4 3 4
github.com/chiutuanbinh/mylifeos/backend/internal/middleware/auth.go:90.3,91.10 2 1
github.com/chiutuanbinh/mylifeos/backend/internal/middleware/auth.go:91.10,94.4 2 0
github.com/chiutuanbinh/mylifeos/backend/internal/middleware/auth.go:95.3,97.40 3 1
github.com/chiutuanbinh/mylifeos/backend/internal/middleware/auth.go:101.40,104.2 2 3
