mode: atomic
github.com/chiutuanbinh/mylifeos/backend/internal/middleware/auth.go:25.21,29.2 3 7
github.com/chiutuanbinh/mylifeos/backend/internal/middleware/auth.go:32.33,36.2 3 2
github.com/chiutuanbinh/mylifeos/backend/internal/middleware/auth.go:38.40,41.24 3 5
github.com/chiutuanbinh/mylifeos/backend/internal/middleware/auth.go:41.24,43.3 1 3
github.com/chiutuanbinh/mylifeos/backend/internal/middleware/auth.go:44.2,48.16 5 2
github.com/chiutuanbinh/mylifeos/backend/internal/middleware/auth.go:48.16,51.3 2 0
github.com/chiutuanbinh/mylifeos/backend/internal/middleware/auth.go:52.2,54.25 3 2
github.com/chiutuanbinh/mylifeos/backend/internal/middleware/auth.go:57.43,58.71 1 7
github.com/chiutuanbinh/mylifeos/backend/internal/middleware/auth.go:58.71,59.40 1 8
github.com/chiutuanbinh/mylifeos/backend/internal/middleware/auth.go:59.40,61.17 2 2
github.com/chiutuanbinh/mylifeos/backend/internal/middleware/auth.go:61.17,63.5 1 1
github.com/chiutuanbinh/mylifeos/backend/internal/middleware/auth.go:64.4,66.10 3 2
github.com/chiutuanbinh/mylifeos/backend/internal/middleware/auth.go:69.3,70.44 2 6
github.com/chiutuanbinh/mylifeos/backend/internal/middleware/auth.go:70.44,73.4 2 1
github.com/chiutuanbinh/mylifeos/backend/internal/middleware/auth.go:74.3,77.17 3 5
github.com/chiutuanbinh/mylifeos/backend/internal/middleware/auth.go:77.17,81.4 3 0
github.com/chiutuanbinh/mylifeos/backend/internal/middleware/auth.go:83.3,84.33 2 5
github.com/chiutuanbinh/mylifeos/backend/internal/middleware/auth.go:84.33,88.4 3 4
github.com/chiutuanbinh/mylifeos/backend/internal/middleware/auth.go:90.3,91.10 2 1
github.com/chiutuanbinh/mylifeos/backend/internal/middleware/auth.go:91.10,94.4 2 0
github.com/chiutuanbinh/mylifeos/backend/internal/middleware/auth.go:95.3,97.40 3 1
github.com/chiutuanbinh/mylifeos/backend/internal/middleware/auth.go:101.40,104.2 2 3
