mode: atomic
github.com/chiutuanbinh/mylifeos/backend/internal/service/accounting/account_service.go:15.73,17.2 1 3
github.com/chiutuanbinh/mylifeos/backend/internal/service/accounting/account_service.go:19.109,20.25 1 5
github.com/chiutuanbinh/mylifeos/backend/internal/service/accounting/account_service.go:20.25,22.17 2 1
github.com/chiutuanbinh/mylifeos/backend/internal/service/accounting/account_service.go:22.17,24.4 1 0
github.com/chiutuanbinh/mylifeos/backend/internal/service/accounting/account_service.go:25.3,25.24 1 1
github.com/chiutuanbinh/mylifeos/backend/internal/service/accounting/account_service.go:25.24,27.4 1 1
github.com/chiutuanbinh/mylifeos/backend/internal/service/accounting/account_service.go:29.2,30.48 2 4
github.com/chiutuanbinh/mylifeos/backend/internal/service/accounting/account_service.go:30.48,32.3 1 0
github.com/chiutuanbinh/mylifeos/backend/internal/service/accounting/account_service.go:33.2,33.20 1 4
github.com/chiutuanbinh/mylifeos/backend/internal/service/accounting/account_service.go:36.106,38.2 1 1
github.com/chiutuanbinh/mylifeos/backend/internal/service/accounting/journal_service.go:16.94,18.2 1 2
github.com/chiutuanbinh/mylifeos/backend/internal/service/accounting/journal_service.go:20.119,24.30 3 2
github.com/chiutuanbinh/mylifeos/backend/internal/service/accounting/journal_service.go:24.30,26.17 2 4
github.com/chiutuanbinh/mylifeos/backend/internal/service/accounting/journal_service.go:26.17,28.4 1 0
github.com/chiutuanbinh/mylifeos/backend/internal/service/accounting/journal_service.go:29.3,29.89 1 4
github.com/chiutuanbinh/mylifeos/backend/internal/service/accounting/journal_service.go:29.89,31.4 1 0
github.com/chiutuanbinh/mylifeos/backend/internal/service/accounting/journal_service.go:34.2,34.37 1 2
github.com/chiutuanbinh/mylifeos/backend/internal/service/accounting/journal_service.go:34.37,36.3 1 1
github.com/chiutuanbinh/mylifeos/backend/internal/service/accounting/journal_service.go:37.2,37.51 1 1
github.com/chiutuanbinh/mylifeos/backend/internal/service/accounting/journal_service.go:37.51,39.3 1 0
github.com/chiutuanbinh/mylifeos/backend/internal/service/accounting/journal_service.go:40.2,40.36 1 1
github.com/chiutuanbinh/mylifeos/backend/internal/service/accounting/journal_service.go:40.36,41.48 1 1
github.com/chiutuanbinh/mylifeos/backend/internal/service/accounting/journal_service.go:41.48,43.4 1 0
github.com/chiutuanbinh/mylifeos/backend/internal/service/accounting/journal_service.go:45.2,45.24 1 1
github.com/chiutuanbinh/mylifeos/backend/internal/service/accounting/networth_query.go:16.103,18.2 1 0
github.com/chiutuanbinh/mylifeos/backend/internal/service/accounting/networth_query.go:20.95,22.16 2 0
github.com/chiutuanbinh/mylifeos/backend/internal/service/accounting/networth_query.go:22.16,24.3 1 0
github.com/chiutuanbinh/mylifeos/backend/internal/service/accounting/networth_query.go:25.2,26.16 2 0
github.com/chiutuanbinh/mylifeos/backend/internal/service/accounting/networth_query.go:26.16,28.3 1 0
github.com/chiutuanbinh/mylifeos/backend/internal/service/accounting/networth_query.go:29.2,30.28 2 0
github.com/chiutuanbinh/mylifeos/backend/internal/service/accounting/networth_query.go:30.28,32.3 1 0
github.com/chiutuanbinh/mylifeos/backend/internal/service/accounting/networth_query.go:33.2,33.69 1 0
